c:\users\marik\desktop\subject\gameproject_para-shooters\release\vc142.pdb
c:\users\marik\desktop\subject\gameproject_para-shooters\release\vector.obj
c:\users\marik\desktop\subject\gameproject_para-shooters\release\spritecomponent.obj
c:\users\marik\desktop\subject\gameproject_para-shooters\release\result.obj
c:\users\marik\desktop\subject\gameproject_para-shooters\release\main.obj
c:\users\marik\desktop\subject\gameproject_para-shooters\release\game.obj
c:\users\marik\desktop\subject\gameproject_para-shooters\release\component.obj
c:\users\marik\desktop\subject\gameproject_para-shooters\release\player.obj
c:\users\marik\desktop\subject\gameproject_para-shooters\release\particles.obj
c:\users\marik\desktop\subject\gameproject_para-shooters\release\menu.obj
c:\users\marik\desktop\subject\gameproject_para-shooters\release\gun.obj
c:\users\marik\desktop\subject\gameproject_para-shooters\release\entity.obj
c:\users\marik\desktop\subject\gameproject_para-shooters\release\enemy.obj
c:\users\marik\desktop\subject\gameproject_para-shooters\release\camera.obj
c:\users\marik\desktop\subject\gameproject_para-shooters\release\bullet.obj
c:\users\marik\desktop\subject\gameproject_para-shooters\release\animspritecomponent.obj
c:\users\marik\desktop\subject\gameproject_para-shooters\release\actor.obj
c:\users\marik\desktop\subject\gameproject_para-shooters\release\gameproject_para-shooters.ipdb
c:\users\marik\desktop\subject\gameproject_para-shooters\release\gameproject_para-shooters.iobj
c:\users\marik\desktop\subject\gameproject_para-shooters\release\gameproject_para-shooters.exe
c:\users\marik\desktop\subject\gameproject_para-shooters\release\gameproject_para-shooters.pdb
c:\users\marik\desktop\subject\gameproject_para-shooters\release\gameproj.71284233.tlog\cl.command.1.tlog
c:\users\marik\desktop\subject\gameproject_para-shooters\release\gameproj.71284233.tlog\cl.read.1.tlog
c:\users\marik\desktop\subject\gameproject_para-shooters\release\gameproj.71284233.tlog\cl.write.1.tlog
c:\users\marik\desktop\subject\gameproject_para-shooters\release\gameproj.71284233.tlog\gameproject_para-shooters.write.1u.tlog
c:\users\marik\desktop\subject\gameproject_para-shooters\release\gameproj.71284233.tlog\link.command.1.tlog
c:\users\marik\desktop\subject\gameproject_para-shooters\release\gameproj.71284233.tlog\link.read.1.tlog
c:\users\marik\desktop\subject\gameproject_para-shooters\release\gameproj.71284233.tlog\link.write.1.tlog
